[0109/105816:ERROR:file_io_win.cc(163)] CreateFile C:\Program Files (x86)\settings.dat: Access is denied. (0x5)
[0109/105816:ERROR:registration_protocol_win.cc(82)] TransactNamedPipe: The pipe has been ended. (0x6D)
[0109/105816:ERROR:file_io_win.cc(163)] CreateFile C:\Program Files (x86)\settings.dat: Access is denied. (0x5)
[0109/110134:ERROR:file_io_win.cc(163)] CreateFile C:\Program Files (x86)\settings.dat: Access is denied. (0x5)
[0109/110134:ERROR:registration_protocol_win.cc(82)] TransactNamedPipe: The pipe has been ended. (0x6D)
[0109/110134:ERROR:file_io_win.cc(163)] CreateFile C:\Program Files (x86)\settings.dat: Access is denied. (0x5)
[0109/115023:ERROR:file_io_win.cc(163)] CreateFile C:\Program Files (x86)\settings.dat: Access is denied. (0x5)
[0109/115023:ERROR:registration_protocol_win.cc(82)] TransactNamedPipe: The pipe has been ended. (0x6D)
[0109/115024:ERROR:file_io_win.cc(163)] CreateFile C:\Program Files (x86)\settings.dat: Access is denied. (0x5)
[0109/120140:ERROR:file_io_win.cc(163)] CreateFile C:\Program Files (x86)\settings.dat: Access is denied. (0x5)
[0109/120140:ERROR:registration_protocol_win.cc(82)] TransactNamedPipe: The pipe has been ended. (0x6D)
[0109/120140:ERROR:file_io_win.cc(163)] CreateFile C:\Program Files (x86)\settings.dat: Access is denied. (0x5)
[0109/121048:ERROR:file_io_win.cc(163)] CreateFile C:\Program Files (x86)\settings.dat: Access is denied. (0x5)
[0109/121048:ERROR:registration_protocol_win.cc(82)] TransactNamedPipe: The pipe has been ended. (0x6D)
[0109/121048:ERROR:file_io_win.cc(163)] CreateFile C:\Program Files (x86)\settings.dat: Access is denied. (0x5)
[0109/122353:ERROR:file_io_win.cc(163)] CreateFile C:\Program Files (x86)\settings.dat: Access is denied. (0x5)
[0109/122353:ERROR:registration_protocol_win.cc(82)] TransactNamedPipe: The pipe has been ended. (0x6D)
[0109/122353:ERROR:file_io_win.cc(163)] CreateFile C:\Program Files (x86)\settings.dat: Access is denied. (0x5)
[0109/124100:ERROR:file_io_win.cc(163)] CreateFile C:\Program Files (x86)\settings.dat: Access is denied. (0x5)
[0109/124100:ERROR:registration_protocol_win.cc(82)] TransactNamedPipe: The pipe has been ended. (0x6D)
[0109/124100:ERROR:file_io_win.cc(163)] CreateFile C:\Program Files (x86)\settings.dat: Access is denied. (0x5)
[0109/141909:ERROR:file_io_win.cc(163)] CreateFile C:\Program Files (x86)\settings.dat: Access is denied. (0x5)
[0109/141909:ERROR:registration_protocol_win.cc(82)] TransactNamedPipe: The pipe has been ended. (0x6D)
[0109/141909:ERROR:file_io_win.cc(163)] CreateFile C:\Program Files (x86)\settings.dat: Access is denied. (0x5)
[0109/160741:ERROR:file_io_win.cc(163)] CreateFile C:\Program Files (x86)\settings.dat: Access is denied. (0x5)
[0109/160741:ERROR:registration_protocol_win.cc(82)] TransactNamedPipe: The pipe has been ended. (0x6D)
[0109/160741:ERROR:file_io_win.cc(163)] CreateFile C:\Program Files (x86)\settings.dat: Access is denied. (0x5)
[0109/170419:ERROR:file_io_win.cc(163)] CreateFile C:\Program Files (x86)\settings.dat: Access is denied. (0x5)
[0109/170419:ERROR:registration_protocol_win.cc(82)] TransactNamedPipe: The pipe has been ended. (0x6D)
[0109/170419:ERROR:file_io_win.cc(163)] CreateFile C:\Program Files (x86)\settings.dat: Access is denied. (0x5)
[0109/170512:ERROR:file_io_win.cc(163)] CreateFile C:\Program Files (x86)\settings.dat: Access is denied. (0x5)
[0109/170512:ERROR:registration_protocol_win.cc(82)] TransactNamedPipe: The pipe has been ended. (0x6D)
[0109/170512:ERROR:file_io_win.cc(163)] CreateFile C:\Program Files (x86)\settings.dat: Access is denied. (0x5)
[0109/170617:ERROR:file_io_win.cc(163)] CreateFile C:\Program Files (x86)\settings.dat: Access is denied. (0x5)
[0109/170617:ERROR:registration_protocol_win.cc(82)] TransactNamedPipe: The pipe has been ended. (0x6D)
[0109/170617:ERROR:file_io_win.cc(163)] CreateFile C:\Program Files (x86)\settings.dat: Access is denied. (0x5)
<<<<<<< Updated upstream
[0109/171105:ERROR:file_io_win.cc(163)] CreateFile C:\Program Files (x86)\settings.dat: Access is denied. (0x5)
[0109/171105:ERROR:registration_protocol_win.cc(82)] TransactNamedPipe: The pipe has been ended. (0x6D)
[0109/171105:ERROR:file_io_win.cc(163)] CreateFile C:\Program Files (x86)\settings.dat: Access is denied. (0x5)
[0109/214909:ERROR:file_io_win.cc(163)] CreateFile C:\Program Files (x86)\settings.dat: Access is denied. (0x5)
[0109/214909:ERROR:registration_protocol_win.cc(82)] TransactNamedPipe: The pipe has been ended. (0x6D)
[0109/214909:ERROR:file_io_win.cc(163)] CreateFile C:\Program Files (x86)\settings.dat: Access is denied. (0x5)
=======
>>>>>>> Stashed changes
[0109/222223:ERROR:file_io_win.cc(163)] CreateFile C:\Program Files (x86)\settings.dat: Access is denied. (0x5)
[0109/222223:ERROR:registration_protocol_win.cc(82)] TransactNamedPipe: The pipe has been ended. (0x6D)
[0109/222223:ERROR:file_io_win.cc(163)] CreateFile C:\Program Files (x86)\settings.dat: Access is denied. (0x5)
[0111/114208:ERROR:file_io_win.cc(163)] CreateFile C:\Program Files (x86)\settings.dat: Access is denied. (0x5)
[0111/114208:ERROR:registration_protocol_win.cc(82)] TransactNamedPipe: The pipe has been ended. (0x6D)
[0111/114208:ERROR:file_io_win.cc(163)] CreateFile C:\Program Files (x86)\settings.dat: Access is denied. (0x5)
[0111/124412:ERROR:file_io_win.cc(163)] CreateFile C:\Program Files (x86)\settings.dat: Access is denied. (0x5)
[0111/124412:ERROR:registration_protocol_win.cc(82)] TransactNamedPipe: The pipe has been ended. (0x6D)
[0111/124412:ERROR:file_io_win.cc(163)] CreateFile C:\Program Files (x86)\settings.dat: Access is denied. (0x5)
[0111/131407:ERROR:file_io_win.cc(163)] CreateFile C:\Program Files (x86)\settings.dat: Access is denied. (0x5)
[0111/131407:ERROR:registration_protocol_win.cc(82)] TransactNamedPipe: The pipe has been ended. (0x6D)
[0111/131407:ERROR:file_io_win.cc(163)] CreateFile C:\Program Files (x86)\settings.dat: Access is denied. (0x5)
[0111/132130:ERROR:file_io_win.cc(163)] CreateFile C:\Program Files (x86)\settings.dat: Access is denied. (0x5)
[0111/132130:ERROR:registration_protocol_win.cc(82)] TransactNamedPipe: The pipe has been ended. (0x6D)
[0111/132130:ERROR:file_io_win.cc(163)] CreateFile C:\Program Files (x86)\settings.dat: Access is denied. (0x5)
[0111/204302:ERROR:file_io_win.cc(163)] CreateFile C:\Program Files (x86)\settings.dat: Access is denied. (0x5)
[0111/204302:ERROR:registration_protocol_win.cc(82)] TransactNamedPipe: The pipe has been ended. (0x6D)
[0111/204302:ERROR:file_io_win.cc(163)] CreateFile C:\Program Files (x86)\settings.dat: Access is denied. (0x5)
[0111/211726:ERROR:file_io_win.cc(163)] CreateFile C:\Program Files (x86)\settings.dat: Access is denied. (0x5)
[0111/211726:ERROR:registration_protocol_win.cc(82)] TransactNamedPipe: The pipe has been ended. (0x6D)
[0111/211726:ERROR:file_io_win.cc(163)] CreateFile C:\Program Files (x86)\settings.dat: Access is denied. (0x5)
[0111/215230:ERROR:file_io_win.cc(163)] CreateFile C:\Program Files (x86)\settings.dat: Access is denied. (0x5)
[0111/215230:ERROR:registration_protocol_win.cc(82)] TransactNamedPipe: The pipe has been ended. (0x6D)
[0111/215230:ERROR:file_io_win.cc(163)] CreateFile C:\Program Files (x86)\settings.dat: Access is denied. (0x5)
[0111/220101:ERROR:file_io_win.cc(163)] CreateFile C:\Program Files (x86)\settings.dat: Access is denied. (0x5)
[0111/220101:ERROR:registration_protocol_win.cc(82)] TransactNamedPipe: The pipe has been ended. (0x6D)
[0111/220101:ERROR:file_io_win.cc(163)] CreateFile C:\Program Files (x86)\settings.dat: Access is denied. (0x5)
[0111/221559:ERROR:file_io_win.cc(163)] CreateFile C:\Program Files (x86)\settings.dat: Access is denied. (0x5)
[0111/221559:ERROR:registration_protocol_win.cc(82)] TransactNamedPipe: The pipe has been ended. (0x6D)
[0111/221559:ERROR:file_io_win.cc(163)] CreateFile C:\Program Files (x86)\settings.dat: Access is denied. (0x5)
[0112/091226:ERROR:file_io_win.cc(163)] CreateFile C:\Program Files (x86)\settings.dat: Access is denied. (0x5)
[0112/091226:ERROR:registration_protocol_win.cc(82)] TransactNamedPipe: The pipe has been ended. (0x6D)
[0112/091226:ERROR:file_io_win.cc(163)] CreateFile C:\Program Files (x86)\settings.dat: Access is denied. (0x5)
[0112/134031:ERROR:file_io_win.cc(163)] CreateFile C:\Program Files (x86)\settings.dat: Access is denied. (0x5)
[0112/134031:ERROR:registration_protocol_win.cc(82)] TransactNamedPipe: The pipe has been ended. (0x6D)
[0112/134031:ERROR:file_io_win.cc(163)] CreateFile C:\Program Files (x86)\settings.dat: Access is denied. (0x5)
[0112/134252:ERROR:file_io_win.cc(163)] CreateFile C:\Program Files (x86)\settings.dat: Access is denied. (0x5)
[0112/134252:ERROR:registration_protocol_win.cc(82)] TransactNamedPipe: The pipe has been ended. (0x6D)
[0112/134252:ERROR:file_io_win.cc(163)] CreateFile C:\Program Files (x86)\settings.dat: Access is denied. (0x5)
[0113/124456:ERROR:file_io_win.cc(163)] CreateFile C:\Program Files (x86)\settings.dat: Access is denied. (0x5)
[0113/124456:ERROR:registration_protocol_win.cc(82)] TransactNamedPipe: The pipe has been ended. (0x6D)
[0113/124456:ERROR:file_io_win.cc(163)] CreateFile C:\Program Files (x86)\settings.dat: Access is denied. (0x5)
[0113/134112:ERROR:file_io_win.cc(163)] CreateFile C:\Program Files (x86)\settings.dat: Access is denied. (0x5)
[0113/134112:ERROR:registration_protocol_win.cc(82)] TransactNamedPipe: The pipe has been ended. (0x6D)
[0113/134113:ERROR:file_io_win.cc(163)] CreateFile C:\Program Files (x86)\settings.dat: Access is denied. (0x5)
